0.000000, 0.000000, 0.000000, 0.000000, 1.000000, 0.000000 
0.000000, 0.000000, 0.000000, 0.000000, 1.000000, 0.102400 
0.000640, 0.000000, 0.000000, 0.015568, 1.000000, 0.204800 
0.005120, 0.000000, 0.000000, 0.119580, 1.000000, 0.307200 
0.011520, 0.000000, 0.000000, 0.259972, 1.000000, 0.409600 
0.020480, 0.000000, 0.000000, 0.387974, 1.000000, 0.511999 
0.031360, 0.000000, 0.000000, 0.488743, 1.000000, 0.614400 
0.044160, 0.000000, 0.000000, 0.585971, 1.000000, 0.716801 
0.059520, 0.000000, 0.000000, 0.693461, 1.000000, 0.819202 
0.076800, 0.000000, 0.000000, 0.794691, 1.000000, 0.921602 
0.096000, 0.000000, 0.000000, 0.901056, 1.000000, 1.000000 
0.116480, 0.000000, 0.000000, 0.985627, 1.000000, 1.000000 
0.136960, 0.000000, 0.000000, 1.016957, 1.000000, 1.000000 
0.156800, 0.000000, 0.000000, 1.013374, 1.000000, 1.000000 
0.176640, 0.000000, 0.000000, 1.003635, 1.000000, 1.000000 
0.197120, 0.000000, 0.000000, 1.004210, 1.000000, 1.000000 
0.216960, 0.000000, 0.000000, 1.003090, 1.000000, 1.000000 
0.236800, 0.000000, 0.000000, 1.003218, 1.000000, 1.000000 
0.257280, 0.000000, 0.000000, 1.000172, 1.000000, 1.000000 
0.277120, 0.000000, 0.000000, 1.004271, 1.000000, 1.000000 
0.296960, 0.000000, 0.000000, 1.002671, 1.000000, 1.000000 
0.317440, 0.000000, 0.000000, 1.000346, 1.000000, 1.000000 
0.337280, 0.000000, 0.000000, 1.002760, 1.000000, 1.000000 
0.357120, 0.000000, 0.000000, 1.000013, 1.000000, 1.000000 
0.377600, 0.000000, 0.000000, 1.000701, 1.000000, 1.000000 
0.396800, 0.000000, 0.000000, 1.000188, 1.000000, 1.000000 
0.417280, 0.000000, 0.000000, 1.000152, 1.000000, 1.000000 
0.437120, 0.000000, 0.000000, 1.000193, 1.000000, 1.000000 
0.456960, 0.000000, 0.000000, 1.003562, 1.000000, 1.000000 
0.477440, 0.000000, 0.000000, 1.001059, 1.000000, 1.000000 
0.497280, 0.000000, 0.000000, 1.000364, 1.000000, 1.000000 
0.517120, 0.000000, 0.000000, 1.000613, 1.000000, 1.000000 
0.537600, 0.000000, 0.000000, 1.000280, 1.000000, 1.000000 
0.556800, 0.000000, 0.000000, 0.999899, 1.000000, 1.000000 
0.577280, 0.000000, 0.000000, 0.999189, 1.000000, 1.000000 
0.597120, 0.000000, 0.000000, 1.001212, 1.000000, 1.000000 
0.616960, 0.000000, 0.000000, 0.998752, 1.000000, 1.000000 
0.637440, 0.000000, 0.000000, 1.000284, 1.000000, 1.000000 
0.657280, 0.000000, 0.000000, 0.999234, 1.000000, 1.000000 
0.677120, 0.000000, 0.000000, 0.999943, 1.000000, 1.000000 
0.697600, 0.000000, 0.000000, 1.000155, 1.000000, 1.000000 
0.717440, 0.000000, 0.000000, 0.998832, 1.000000, 1.000000 
0.737280, 0.000000, 0.000000, 1.002556, 1.000000, 1.000000 
0.757760, 0.000000, 0.000000, 0.999567, 1.000000, 1.000000 
0.776960, 0.000000, 0.000000, 1.000332, 1.000000, 1.000000 
0.797440, 0.000000, 0.000000, 1.001603, 1.000000, 1.000000 
0.817280, 0.000000, 0.000000, 0.998151, 1.000000, 1.000000 
0.837120, 0.000000, 0.000000, 1.002401, 1.000000, 1.000000 
0.857600, 0.000000, 0.000000, 1.002332, 1.000000, 1.000000 
0.877440, 0.000000, 0.000000, 1.000607, 1.000000, 1.000000 
0.897280, 0.000000, 0.000000, 0.997609, 1.000000, 1.000000 
0.917760, 0.000000, 0.000000, 0.999905, 1.000000, 1.000000 
0.936960, 0.000000, 0.000000, 0.999717, 1.000000, 1.000000 
0.957440, 0.000000, 0.000000, 0.999372, 1.000000, 1.000000 
0.977280, 0.000000, 0.000000, 1.002803, 1.000000, 1.000000 
0.997120, 0.000000, 0.000000, 0.997666, 1.000000, 1.000000 
1.017600, 0.000000, 0.000000, 1.001663, 1.000000, 1.000000 
1.037440, 0.000000, 0.000000, 0.998793, 1.000000, 1.000000 
1.057280, 0.000000, 0.000000, 1.001209, 1.000000, 1.000000 
1.077760, 0.000000, 0.000000, 0.999275, 1.000000, 1.000000 
1.096960, 0.000000, 0.000000, 0.999966, 1.000000, 1.000000 
1.117440, 0.000000, 0.000000, 1.001213, 1.000000, 1.000000 
1.137280, 0.000000, 0.000000, 1.000573, 1.000000, 1.000000 
1.157120, 0.000000, 0.000000, 1.000818, 1.000000, 1.000000 
1.177600, 0.000000, 0.000000, 1.001370, 1.000000, 1.000000 
1.197440, 0.000000, 0.000000, 1.000356, 1.000000, 1.000000 
1.217280, 0.000000, 0.000000, 0.997968, 1.000000, 1.000000 
1.237760, 0.000000, 0.000000, 1.000919, 1.000000, 1.000000 
1.256960, 0.000000, 0.000000, 0.999934, 1.000000, 1.000000 
1.277440, 0.000000, 0.000000, 1.001223, 1.000000, 1.000000 
1.297920, 0.000000, 0.000000, 1.001613, 1.000000, 1.000000 
1.317120, 0.000000, 0.000000, 0.995587, 1.000000, 1.000000 
1.337600, 0.000000, 0.000000, 1.000561, 1.000000, 1.000000 
1.357440, 0.000000, 0.000000, 0.994926, 1.000000, 1.000000 
1.377280, 0.000000, 0.000000, 1.001894, 1.000000, 1.000000 
1.397760, 0.000000, 0.000000, 1.000305, 1.000000, 1.000000 
1.416960, 0.000000, 0.000000, 1.000655, 1.000000, 1.000000 
1.437440, 0.000000, 0.000000, 1.000857, 1.000000, 1.000000 
1.457280, 0.000000, 0.000000, 0.998959, 1.000000, 1.000000 
1.477120, 0.000000, 0.000000, 1.001300, 1.000000, 1.000000 
1.497600, 0.000000, 0.000000, 0.999796, 1.000000, 1.000000 
1.517440, 0.000000, 0.000000, 1.000810, 1.000000, 1.000000 
1.537280, 0.000000, 0.000000, 0.998553, 1.000000, 1.000000 
1.557760, 0.000000, 0.000000, 1.000568, 1.000000, 1.000000 
1.576960, 0.000000, 0.000000, 0.999156, 1.000000, 1.000000 
1.597440, 0.000000, 0.000000, 1.000905, 1.000000, 1.000000 
1.617280, 0.000000, 0.000000, 1.002120, 1.000000, 1.000000 
1.637120, 0.000000, 0.000000, 0.999124, 1.000000, 1.000000 
1.657600, 0.000000, 0.000000, 1.001468, 1.000000, 1.000000 
1.677440, 0.000000, 0.000000, 1.000451, 1.000000, 1.000000 
1.697280, 0.000000, 0.000000, 0.999138, 1.000000, 1.000000 
1.717760, 0.000000, 0.000000, 1.000413, 1.000000, 1.000000 
1.736960, 0.000000, 0.000000, 1.001741, 1.000000, 1.000000 
1.757440, 0.000000, 0.000000, 0.999089, 1.000000, 1.000000 
1.777280, 0.000000, 0.000000, 1.000751, 1.000000, 1.000000 
1.797120, 0.000000, 0.000000, 1.000867, 1.000000, 1.000000 
1.817600, 0.000000, 0.000000, 1.000380, 1.000000, 1.000000 
1.837440, 0.000000, 0.000000, 0.999861, 1.000000, 1.000000 
1.857280, 0.000000, 0.000000, 0.999566, 1.000000, 1.000000 
1.877760, 0.000000, 0.000000, 1.001349, 1.000000, 1.000000 
1.897600, 0.000000, 0.000000, 1.001903, 1.000000, 1.000000 
1.917440, 0.000000, 0.000000, 0.998402, 1.000000, 1.000000 
1.937920, 0.000000, 0.000000, 1.000728, 1.000000, 1.000000 
1.957120, 0.000000, 0.000000, 1.000094, 1.000000, 1.000000 
1.977600, 0.000000, 0.000000, 0.999059, 1.000000, 1.000000 
1.997440, 0.000000, 0.000000, 1.002007, 1.000000, 1.000000 
2.017280, 0.000000, 0.000000, 1.000580, 1.000000, 1.000000 
2.037760, 0.000000, 0.000000, 0.999452, 1.000000, 1.000000 
2.057600, 0.000000, 0.000000, 1.001508, 1.000000, 1.000000 
2.077440, 0.000000, 0.000000, 1.000104, 1.000000, 1.000000 
2.097920, 0.000000, 0.000000, 0.999481, 1.000000, 1.000000 
2.117120, 0.000000, 0.000000, 0.998967, 1.000000, 1.000000 
2.137600, 0.000000, 0.000000, 0.999217, 1.000000, 1.000000 
2.157440, 0.000000, 0.000000, 0.998420, 1.000000, 1.000000 
2.177280, 0.000000, 0.000000, 1.001063, 1.000000, 1.000000 
2.197760, 0.000000, 0.000000, 1.002571, 1.000000, 1.000000 
2.217600, 0.000000, 0.000000, 1.000443, 1.000000, 1.000000 
2.237440, 0.000000, 0.000000, 1.000667, 1.000000, 1.000000 
2.257920, 0.000000, 0.000000, 1.001101, 1.000000, 1.000000 
2.277120, 0.000000, 0.000000, 0.998270, 1.000000, 1.000000 
2.297600, 0.000000, 0.000000, 0.998385, 1.000000, 1.000000 
2.317440, 0.000000, 0.000000, 1.001544, 1.000000, 1.000000 
2.337280, 0.000000, 0.000000, 1.000302, 1.000000, 1.000000 
2.357760, 0.000000, 0.000000, 0.999378, 1.000000, 1.000000 
2.377600, 0.000000, 0.000000, 1.001135, 1.000000, 1.000000 
2.397440, 0.000000, 0.000000, 0.999897, 1.000000, 1.000000 
2.417920, 0.000000, 0.000000, 0.998551, 1.000000, 1.000000 
2.437120, 0.000000, 0.000000, 0.998794, 1.000000, 1.000000 
2.457600, 0.000000, 0.000000, 1.000275, 1.000000, 1.000000 
2.477440, 0.000000, 0.000000, 1.000984, 1.000000, 1.000000 
2.497280, 0.000000, 0.000000, 0.998060, 1.000000, 1.000000 
2.517760, 0.000000, 0.000000, 0.998993, 1.000000, 1.000000 
2.536960, 0.000000, 0.000000, 0.996340, 1.000000, 1.000000 
2.557440, 0.000000, 0.000000, 1.000087, 1.000000, 1.000000 
2.577920, 0.000000, 0.000000, 1.002617, 1.000000, 1.000000 
2.597120, 0.000000, 0.000000, 1.001260, 1.000000, 1.000000 
2.617600, 0.000000, 0.000000, 1.001533, 1.000000, 1.000000 
2.637440, 0.000000, 0.000000, 0.999012, 1.000000, 1.000000 
2.657280, 0.000000, 0.000000, 1.000637, 1.000000, 1.000000 
2.677760, 0.000000, 0.000000, 1.000884, 1.000000, 1.000000 
2.696960, 0.000000, 0.000000, 1.000067, 1.000000, 1.000000 
2.717440, 0.000000, 0.000000, 0.999788, 1.000000, 1.000000 
2.737280, 0.000000, 0.000000, 1.000072, 1.000000, 1.000000 
2.757120, 0.000000, 0.000000, 0.999963, 1.000000, 1.000000 
2.777600, 0.000000, 0.000000, 1.000123, 1.000000, 1.000000 
2.797440, 0.000000, 0.000000, 1.000090, 1.000000, 1.000000 
2.817280, 0.000000, 0.000000, 1.000086, 1.000000, 1.000000 
2.837760, 0.000000, 0.000000, 1.003397, 1.000000, 1.000000 
2.857600, 0.000000, 0.000000, 1.000807, 1.000000, 1.000000 
2.877440, 0.000000, 0.000000, 0.999703, 1.000000, 1.000000 
2.897920, 0.000000, 0.000000, 1.000854, 1.000000, 1.000000 
2.917120, 0.000000, 0.000000, 0.998391, 1.000000, 1.000000 
2.937600, 0.000000, 0.000000, 0.998059, 1.000000, 1.000000 
2.957440, 0.000000, 0.000000, 0.997693, 1.000000, 1.000000 
2.977280, 0.000000, 0.000000, 0.999485, 1.000000, 1.000000 
2.997760, 0.000000, 0.000000, 1.001858, 1.000000, 1.000000 
3.016960, 0.000000, 0.000000, 1.000539, 1.000000, 1.000000 
3.037440, 0.000000, 0.000000, 0.998674, 1.000000, 1.000000 
3.057280, 0.000000, 0.000000, 1.000874, 1.000000, 1.000000 
3.077120, 0.000000, 0.000000, 1.000523, 1.000000, 1.000000 
3.097600, 0.000000, 0.000000, 1.000585, 1.000000, 1.000000 
3.117440, 0.000000, 0.000000, 1.000522, 1.000000, 1.000000 
3.137280, 0.000000, 0.000000, 1.000427, 1.000000, 1.000000 
3.157760, 0.000000, 0.000000, 1.003111, 1.000000, 1.000000 
3.177600, 0.000000, 0.000000, 1.001356, 1.000000, 1.000000 
3.197440, 0.000000, 0.000000, 1.000929, 1.000000, 1.000000 
3.217920, 0.000000, 0.000000, 1.001405, 1.000000, 1.000000 
3.237120, 0.000000, 0.000000, 0.998878, 1.000000, 1.000000 
3.257600, 0.000000, 0.000000, 1.000485, 1.000000, 1.000000 
3.277440, 0.000000, 0.000000, 1.001012, 1.000000, 1.000000 
3.297280, 0.000000, 0.000000, 0.999782, 1.000000, 1.000000 
3.317760, 0.000000, 0.000000, 0.999237, 1.000000, 1.000000 
3.337600, 0.000000, 0.000000, 1.001101, 1.000000, 1.000000 
3.357440, 0.000000, 0.000000, 1.000010, 1.000000, 1.000000 
3.377920, 0.000000, 0.000000, 0.999985, 1.000000, 1.000000 
3.397120, 0.000000, 0.000000, 1.000930, 1.000000, 1.000000 
3.417600, 0.000000, 0.000000, 0.998865, 1.000000, 1.000000 
3.437440, 0.000000, 0.000000, 1.002319, 1.000000, 1.000000 
3.457280, 0.000000, 0.000000, 1.000251, 1.000000, 1.000000 
3.477760, 0.000000, 0.000000, 1.001575, 1.000000, 1.000000 
3.497600, 0.000000, 0.000000, 1.000070, 1.000000, 1.000000 
3.517440, 0.000000, 0.000000, 0.999816, 1.000000, 1.000000 
3.537920, 0.000000, 0.000000, 1.002066, 1.000000, 1.000000 
3.557120, 0.000000, 0.000000, 0.999594, 1.000000, 1.000000 
3.577600, 0.000000, 0.000000, 1.001369, 1.000000, 1.000000 
3.597440, 0.000000, 0.000000, 1.000172, 1.000000, 1.000000 
3.617280, 0.000000, 0.000000, 1.001837, 1.000000, 1.000000 
3.637760, 0.000000, 0.000000, 0.999073, 1.000000, 1.000000 
3.657600, 0.000000, 0.000000, 1.000922, 1.000000, 1.000000 
3.677440, 0.000000, 0.000000, 0.999012, 1.000000, 1.000000 
3.697920, 0.000000, 0.000000, 0.999356, 1.000000, 1.000000 
3.717120, 0.000000, 0.000000, 1.001044, 1.000000, 1.000000 
3.737600, 0.000000, 0.000000, 0.997938, 1.000000, 1.000000 
3.757440, 0.000000, 0.000000, 1.001803, 1.000000, 1.000000 
3.777280, 0.000000, 0.000000, 1.001045, 1.000000, 1.000000 
3.797760, 0.000000, 0.000000, 1.000411, 1.000000, 1.000000 
3.817600, 0.000000, 0.000000, 1.001053, 1.000000, 1.000000 
3.837440, 0.000000, 0.000000, 1.000263, 1.000000, 1.000000 
3.857920, 0.000000, 0.000000, 1.000870, 1.000000, 1.000000 
3.877760, 0.000000, 0.000000, 0.999355, 1.000000, 1.000000 
3.897600, 0.000000, 0.000000, 1.000114, 1.000000, 1.000000 
3.917440, 0.000000, 0.000000, 1.000129, 1.000000, 1.000000 
3.937280, 0.000000, 0.000000, 1.000065, 1.000000, 1.000000 
3.957760, 0.000000, 0.000000, 0.999874, 1.000000, 1.000000 
3.977600, 0.000000, 0.000000, 0.999279, 1.000000, 1.000000 
3.997440, 0.000000, 0.000000, 0.998530, 1.000000, 1.000000 
4.017920, 0.000000, 0.000000, 0.999714, 1.000000, 1.000000 
4.037120, 0.000000, 0.000000, 1.000469, 1.000000, 1.000000 
4.057600, 0.000000, 0.000000, 0.998161, 1.000000, 1.000000 
4.078080, 0.000000, 0.000000, 1.001486, 1.000000, 1.000000 
4.097280, 0.000000, 0.000000, 1.000024, 1.000000, 1.000000 
4.117760, 0.000000, 0.000000, 0.999370, 1.000000, 1.000000 
4.137600, 0.000000, 0.000000, 1.000757, 1.000000, 1.000000 
4.157440, 0.000000, 0.000000, 0.998589, 1.000000, 1.000000 
4.177920, 0.000000, 0.000000, 0.999292, 1.000000, 1.000000 
4.197120, 0.000000, 0.000000, 0.997621, 1.000000, 1.000000 
4.217600, 0.000000, 0.000000, 1.000248, 1.000000, 1.000000 
4.237440, 0.000000, 0.000000, 1.001110, 1.000000, 1.000000 
4.257280, 0.000000, 0.000000, 1.001557, 1.000000, 1.000000 
4.277760, 0.000000, 0.000000, 0.998966, 1.000000, 1.000000 
4.297600, 0.000000, 0.000000, 1.000981, 1.000000, 1.000000 
4.317440, 0.000000, 0.000000, 0.999928, 1.000000, 1.000000 
4.337920, 0.000000, 0.000000, 0.998811, 1.000000, 1.000000 
4.357120, 0.000000, 0.000000, 1.000856, 1.000000, 1.000000 
4.377600, 0.000000, 0.000000, 0.997637, 1.000000, 1.000000 
4.397440, 0.000000, 0.000000, 1.001580, 1.000000, 1.000000 
4.417280, 0.000000, 0.000000, 1.000669, 1.000000, 1.000000 
4.437760, 0.000000, 0.000000, 1.000296, 1.000000, 1.000000 
4.457600, 0.000000, 0.000000, 1.000374, 1.000000, 1.000000 
4.477440, 0.000000, 0.000000, 0.998999, 1.000000, 1.000000 
4.497920, 0.000000, 0.000000, 0.999710, 1.000000, 1.000000 
4.517760, 0.000000, 0.000000, 1.000287, 1.000000, 1.000000 
4.537600, 0.000000, 0.000000, 0.999825, 1.000000, 1.000000 
4.557440, 0.000000, 0.000000, 0.999088, 1.000000, 1.000000 
4.577280, 0.000000, 0.000000, 1.001223, 1.000000, 1.000000 
4.597760, 0.000000, 0.000000, 0.998119, 1.000000, 1.000000 
4.617600, 0.000000, 0.000000, 0.997012, 1.000000, 1.000000 
4.637440, 0.000000, 0.000000, 0.997941, 1.000000, 1.000000 
4.657280, 0.000000, 0.000000, 0.999110, 1.000000, 1.000000 
4.677120, 0.000000, 0.000000, 0.995880, 1.000000, 1.000000 
4.697600, 0.000000, 0.000000, 0.996273, 1.000000, 1.000000 
4.716800, 0.000000, 0.000000, 0.998848, 1.000000, 1.000000 
4.737280, 0.000000, 0.000000, 0.999236, 1.000000, 1.000000 
4.757120, 0.000000, 0.000000, 1.001254, 1.000000, 1.000000 
4.776960, 0.000000, 0.000000, 0.998770, 1.000000, 1.000000 
4.797440, 0.000000, 0.000000, 1.001127, 1.000000, 1.000000 
4.817280, 0.000000, 0.000000, 1.003392, 1.000000, 1.000000 
4.837120, 0.000000, 0.000000, 0.998680, 1.000000, 1.000000 
4.857600, 0.000000, 0.000000, 1.002497, 1.000000, 1.000000 
4.877440, 0.000000, 0.000000, 1.000909, 1.000000, 1.000000 
4.897280, 0.000000, 0.000000, 1.000676, 1.000000, 1.000000 
4.917760, 0.000000, 0.000000, 1.001707, 1.000000, 1.000000 
4.936960, 0.000000, 0.000000, 1.000096, 1.000000, 1.000000 
4.957440, 0.000000, 0.000000, 1.000462, 1.000000, 1.000000 
4.977920, 0.000000, 0.000000, 1.000538, 1.000000, 1.000000 
4.997120, 0.000000, 0.000000, 0.999792, 1.000000, 1.000000 
5.017600, 0.000000, 0.000000, 1.000114, 1.000000, 1.000000 
5.037440, 0.000000, 0.000000, 1.002722, 1.000000, 1.000000 
5.057280, 0.000000, 0.000000, 1.000354, 1.000000, 1.000000 
5.077760, 0.000000, 0.000000, 1.002256, 1.000000, 1.000000 
5.097600, 0.000000, 0.000000, 1.000361, 1.000000, 1.000000 
5.117440, 0.000000, 0.000000, 0.999930, 1.000000, 1.000000 
5.137920, 0.000000, 0.000000, 1.000673, 1.000000, 1.000000 
5.157120, 0.000000, 0.000000, 0.998161, 1.000000, 1.000000 
5.177600, 0.000000, 0.000000, 1.000182, 1.000000, 1.000000 
5.197440, 0.000000, 0.000000, 1.000933, 1.000000, 1.000000 
5.217280, 0.000000, 0.000000, 0.999761, 1.000000, 1.000000 
5.237760, 0.000000, 0.000000, 0.999234, 1.000000, 1.000000 
5.257600, 0.000000, 0.000000, 1.001751, 1.000000, 1.000000 
5.277440, 0.000000, 0.000000, 0.999532, 1.000000, 1.000000 
5.297920, 0.000000, 0.000000, 0.999955, 1.000000, 1.000000 
5.317120, 0.000000, 0.000000, 1.000389, 1.000000, 1.000000 
5.337600, 0.000000, 0.000000, 0.998709, 1.000000, 1.000000 
5.357440, 0.000000, 0.000000, 1.002430, 1.000000, 1.000000 
5.377280, 0.000000, 0.000000, 0.999648, 1.000000, 1.000000 
5.397760, 0.000000, 0.000000, 1.001756, 1.000000, 1.000000 
5.417600, 0.000000, 0.000000, 1.000319, 1.000000, 1.000000 
5.437440, 0.000000, 0.000000, 0.999594, 1.000000, 1.000000 
5.457920, 0.000000, 0.000000, 1.000578, 1.000000, 1.000000 
5.477120, 0.000000, 0.000000, 0.998138, 1.000000, 1.000000 
5.497600, 0.000000, 0.000000, 1.000176, 1.000000, 1.000000 
5.517440, 0.000000, 0.000000, 1.000896, 1.000000, 1.000000 
5.537280, 0.000000, 0.000000, 1.000066, 1.000000, 1.000000 
5.557760, 0.000000, 0.000000, 0.999520, 1.000000, 1.000000 
5.577600, 0.000000, 0.000000, 1.001093, 1.000000, 1.000000 
5.597440, 0.000000, 0.000000, 0.999049, 1.000000, 1.000000 
5.617920, 0.000000, 0.000000, 0.999817, 1.000000, 1.000000 
5.637120, 0.000000, 0.000000, 1.000351, 1.000000, 1.000000 
5.657600, 0.000000, 0.000000, 0.998700, 1.000000, 1.000000 
5.677440, 0.000000, 0.000000, 1.002430, 1.000000, 1.000000 
5.697280, 0.000000, 0.000000, 1.001667, 1.000000, 1.000000 
5.717760, 0.000000, 0.000000, 1.000629, 1.000000, 1.000000 
5.737600, 0.000000, 0.000000, 0.999761, 1.000000, 1.000000 
5.757440, 0.000000, 0.000000, 0.999994, 1.000000, 1.000000 
5.777920, 0.000000, 0.000000, 1.000199, 1.000000, 1.000000 
5.797120, 0.000000, 0.000000, 0.998014, 1.000000, 1.000000 
5.817600, 0.000000, 0.000000, 1.001518, 1.000000, 1.000000 
5.837440, 0.000000, 0.000000, 1.000234, 1.000000, 1.000000 
5.857280, 0.000000, 0.000000, 1.001263, 1.000000, 1.000000 
5.877760, 0.000000, 0.000000, 0.998899, 1.000000, 1.000000 
5.897600, 0.000000, 0.000000, 1.000879, 1.000000, 1.000000 
5.917440, 0.000000, 0.000000, 0.997372, 1.000000, 1.000000 
5.937280, 0.000000, 0.000000, 0.998323, 1.000000, 1.000000 
5.957120, 0.000000, 0.000000, 0.995561, 1.000000, 1.000000 
5.977600, 0.000000, 0.000000, 0.997869, 1.000000, 1.000000 
5.996800, 0.000000, 0.000000, 0.998314, 1.000000, 1.000000 
6.017280, 0.000000, 0.000000, 1.000308, 1.000000, 1.000000 
6.037760, 0.000000, 0.000000, 1.000943, 1.000000, 1.000000 
6.056960, 0.000000, 0.000000, 0.999549, 1.000000, 1.000000 
6.077440, 0.000000, 0.000000, 1.000589, 1.000000, 1.000000 
6.097280, 0.000000, 0.000000, 1.002581, 1.000000, 1.000000 
6.117120, 0.000000, 0.000000, 0.998446, 1.000000, 1.000000 
6.137600, 0.000000, 0.000000, 1.002292, 1.000000, 1.000000 
6.157440, 0.000000, 0.000000, 1.000568, 1.000000, 1.000000 
6.177280, 0.000000, 0.000000, 0.999948, 1.000000, 1.000000 
6.197760, 0.000000, 0.000000, 1.002477, 1.000000, 1.000000 
6.216960, 0.000000, 0.000000, 0.998893, 1.000000, 1.000000 
6.237440, 0.000000, 0.000000, 1.000949, 1.000000, 1.000000 
6.257280, 0.000000, 0.000000, 1.000617, 1.000000, 1.000000 
6.277120, 0.000000, 0.000000, 1.000373, 1.000000, 1.000000 
6.297600, 0.000000, 0.000000, 1.000233, 1.000000, 1.000000 
6.317440, 0.000000, 0.000000, 1.000279, 1.000000, 1.000000 
6.337280, 0.000000, 0.000000, 0.999212, 1.000000, 1.000000 
6.357760, 0.000000, 0.000000, 1.001231, 1.000000, 1.000000 
6.377600, 0.000000, 0.000000, 1.001876, 1.000000, 1.000000 
6.397440, 0.000000, 0.000000, 1.000785, 1.000000, 1.000000 
6.417920, 0.000000, 0.000000, 1.001243, 1.000000, 1.000000 
6.437120, 0.000000, 0.000000, 0.998480, 1.000000, 1.000000 
6.457600, 0.000000, 0.000000, 1.000265, 1.000000, 1.000000 
6.477440, 0.000000, 0.000000, 1.000892, 1.000000, 1.000000 
6.497280, 0.000000, 0.000000, 1.001492, 1.000000, 1.000000 
6.517760, 0.000000, 0.000000, 0.998951, 1.000000, 1.000000 
6.537600, 0.000000, 0.000000, 1.000515, 1.000000, 1.000000 
6.557440, 0.000000, 0.000000, 0.998811, 1.000000, 1.000000 
6.577920, 0.000000, 0.000000, 0.999765, 1.000000, 1.000000 
6.597120, 0.000000, 0.000000, 1.000347, 1.000000, 1.000000 
6.617600, 0.000000, 0.000000, 0.998696, 1.000000, 1.000000 
6.637440, 0.000000, 0.000000, 1.002053, 1.000000, 1.000000 
6.657280, 0.000000, 0.000000, 0.999997, 1.000000, 1.000000 
6.677760, 0.000000, 0.000000, 1.001798, 1.000000, 1.000000 
6.697600, 0.000000, 0.000000, 1.000142, 1.000000, 1.000000 
6.717440, 0.000000, 0.000000, 1.000427, 1.000000, 1.000000 
6.737920, 0.000000, 0.000000, 1.000015, 1.000000, 1.000000 
6.757120, 0.000000, 0.000000, 0.998557, 1.000000, 1.000000 
6.777600, 0.000000, 0.000000, 1.001104, 1.000000, 1.000000 
6.797440, 0.000000, 0.000000, 0.999863, 1.000000, 1.000000 
6.817280, 0.000000, 0.000000, 1.001427, 1.000000, 1.000000 
6.837760, 0.000000, 0.000000, 0.998350, 1.000000, 1.000000 
6.857600, 0.000000, 0.000000, 1.000138, 1.000000, 1.000000 
6.877440, 0.000000, 0.000000, 0.999347, 1.000000, 1.000000 
6.897920, 0.000000, 0.000000, 1.000286, 1.000000, 1.000000 
6.917120, 0.000000, 0.000000, 1.001204, 1.000000, 1.000000 
6.937600, 0.000000, 0.000000, 0.997124, 1.000000, 1.000000 
6.957440, 0.000000, 0.000000, 1.001379, 1.000000, 1.000000 
6.977280, 0.000000, 0.000000, 0.999289, 1.000000, 1.000000 
6.997760, 0.000000, 0.000000, 1.000927, 1.000000, 1.000000 
7.017600, 0.000000, 0.000000, 0.999820, 1.000000, 1.000000 
7.037440, 0.000000, 0.000000, 1.000348, 1.000000, 1.000000 
7.057920, 0.000000, 0.000000, 1.000008, 1.000000, 1.000000 
7.077760, 0.000000, 0.000000, 0.999181, 1.000000, 1.000000 
7.097600, 0.000000, 0.000000, 1.000422, 1.000000, 1.000000 
7.117440, 0.000000, 0.000000, 1.001116, 1.000000, 1.000000 
7.137280, 0.000000, 0.000000, 1.000890, 1.000000, 1.000000 
7.157760, 0.000000, 0.000000, 0.998526, 1.000000, 1.000000 
7.177600, 0.000000, 0.000000, 1.000299, 1.000000, 1.000000 
7.197440, 0.000000, 0.000000, 0.999022, 1.000000, 1.000000 
7.217920, 0.000000, 0.000000, 0.999839, 1.000000, 1.000000 
7.237120, 0.000000, 0.000000, 1.000896, 1.000000, 1.000000 
7.257600, 0.000000, 0.000000, 0.997036, 1.000000, 1.000000 
7.277440, 0.000000, 0.000000, 1.001400, 1.000000, 1.000000 
7.297280, 0.000000, 0.000000, 1.000630, 1.000000, 1.000000 
7.317760, 0.000000, 0.000000, 1.000287, 1.000000, 1.000000 
7.337600, 0.000000, 0.000000, 1.000374, 1.000000, 1.000000 
7.357440, 0.000000, 0.000000, 0.999276, 1.000000, 1.000000 
7.377920, 0.000000, 0.000000, 0.999305, 1.000000, 1.000000 
7.397120, 0.000000, 0.000000, 0.997509, 1.000000, 1.000000 
7.417600, 0.000000, 0.000000, 1.000211, 1.000000, 1.000000 
7.437440, 0.000000, 0.000000, 1.001123, 1.000000, 1.000000 
7.457280, 0.000000, 0.000000, 1.000134, 1.000000, 1.000000 
7.477760, 0.000000, 0.000000, 0.999496, 1.000000, 1.000000 
7.497600, 0.000000, 0.000000, 1.001404, 1.000000, 1.000000 
7.517440, 0.000000, 0.000000, 0.999147, 1.000000, 1.000000 
7.537920, 0.000000, 0.000000, 0.999481, 1.000000, 1.000000 
7.557120, 0.000000, 0.000000, 1.001332, 1.000000, 1.000000 
7.577600, 0.000000, 0.000000, 0.998021, 1.000000, 1.000000 
7.597440, 0.000000, 0.000000, 1.001826, 1.000000, 1.000000 
7.617280, 0.000000, 0.000000, 1.001945, 1.000000, 1.000000 
7.637760, 0.000000, 0.000000, 1.000762, 1.000000, 1.000000 
7.657600, 0.000000, 0.000000, 1.000488, 1.000000, 1.000000 
7.677440, 0.000000, 0.000000, 0.999297, 1.000000, 1.000000 
7.697920, 0.000000, 0.000000, 0.999959, 1.000000, 1.000000 
7.717760, 0.000000, 0.000000, 1.000353, 1.000000, 1.000000 
7.737600, 0.000000, 0.000000, 0.999842, 1.000000, 1.000000 
7.757440, 0.000000, 0.000000, 1.000907, 1.000000, 1.000000 
7.777280, 0.000000, 0.000000, 1.000831, 1.000000, 1.000000 
7.797760, 0.000000, 0.000000, 1.000093, 1.000000, 1.000000 
7.817600, 0.000000, 0.000000, 1.000622, 1.000000, 1.000000 
7.837440, 0.000000, 0.000000, 0.998719, 1.000000, 1.000000 
7.857920, 0.000000, 0.000000, 0.999225, 1.000000, 1.000000 
7.877120, 0.000000, 0.000000, 1.000718, 1.000000, 1.000000 
7.897600, 0.000000, 0.000000, 0.997252, 1.000000, 1.000000 
7.917440, 0.000000, 0.000000, 1.001834, 1.000000, 1.000000 
7.937280, 0.000000, 0.000000, 1.000151, 1.000000, 1.000000 
7.957760, 0.000000, 0.000000, 1.001849, 1.000000, 1.000000 
7.977600, 0.000000, 0.000000, 1.000156, 1.000000, 1.000000 
7.997440, 0.000000, 0.000000, 1.000430, 1.000000, 1.000000 
8.017920, 0.000000, 0.000000, 0.999660, 1.000000, 1.000000 
8.037120, 0.000000, 0.000000, 0.997592, 1.000000, 1.000000 
8.057600, 0.000000, 0.000000, 1.001408, 1.000000, 1.000000 
8.077440, 0.000000, 0.000000, 1.001798, 1.000000, 1.000000 
8.097280, 0.000000, 0.000000, 1.001077, 1.000000, 1.000000 
8.117760, 0.000000, 0.000000, 0.998203, 1.000000, 1.000000 
8.137600, 0.000000, 0.000000, 0.999811, 1.000000, 1.000000 
8.157440, 0.000000, 0.000000, 0.999282, 1.000000, 1.000000 
8.177920, 0.000000, 0.000000, 0.999417, 1.000000, 1.000000 
8.197760, 0.000000, 0.000000, 1.001037, 1.000000, 1.000000 
8.217600, 0.000000, 0.000000, 1.000059, 1.000000, 1.000000 
8.238080, 0.000000, 0.000000, 1.000642, 1.000000, 1.000000 
8.257280, 0.000000, 0.000000, 0.999995, 1.000000, 1.000000 
8.277760, 0.000000, 0.000000, 0.999874, 1.000000, 1.000000 
8.297600, 0.000000, 0.000000, 1.001897, 1.000000, 1.000000 
8.317440, 0.000000, 0.000000, 0.999640, 1.000000, 1.000000 
8.337920, 0.000000, 0.000000, 0.999533, 1.000000, 1.000000 
8.357760, 0.000000, 0.000000, 0.999714, 1.000000, 1.000000 
8.377600, 0.000000, 0.000000, 1.000870, 1.000000, 1.000000 
8.397440, 0.000000, 0.000000, 0.999224, 1.000000, 1.000000 
8.417280, 0.000000, 0.000000, 0.998955, 1.000000, 1.000000 
8.437760, 0.000000, 0.000000, 0.998883, 1.000000, 1.000000 
8.457600, 0.000000, 0.000000, 0.998274, 1.000000, 1.000000 
8.477440, 0.000000, 0.000000, 0.999423, 1.000000, 1.000000 
8.497920, 0.000000, 0.000000, 0.999818, 1.000000, 1.000000 
8.517120, 0.000000, 0.000000, 0.999196, 1.000000, 1.000000 
8.537600, 0.000000, 0.000000, 1.000077, 1.000000, 1.000000 
8.558080, 0.000000, 0.000000, 1.001565, 1.000000, 1.000000 
8.577280, 0.000000, 0.000000, 0.999374, 1.000000, 1.000000 
8.597760, 0.000000, 0.000000, 1.000007, 1.000000, 1.000000 
8.617600, 0.000000, 0.000000, 1.002071, 1.000000, 1.000000 
8.637440, 0.000000, 0.000000, 0.998703, 1.000000, 1.000000 
8.657920, 0.000000, 0.000000, 0.998768, 1.000000, 1.000000 
8.677760, 0.000000, 0.000000, 1.000005, 1.000000, 1.000000 
8.697600, 0.000000, 0.000000, 0.999758, 1.000000, 1.000000 
8.717440, 0.000000, 0.000000, 1.000891, 1.000000, 1.000000 
8.737280, 0.000000, 0.000000, 1.001080, 1.000000, 1.000000 
8.757760, 0.000000, 0.000000, 0.998815, 1.000000, 1.000000 
8.777600, 0.000000, 0.000000, 1.000508, 1.000000, 1.000000 
8.797440, 0.000000, 0.000000, 1.001131, 1.000000, 1.000000 
8.817920, 0.000000, 0.000000, 0.999158, 1.000000, 1.000000 
8.837760, 0.000000, 0.000000, 1.001965, 1.000000, 1.000000 
8.857600, 0.000000, 0.000000, 0.996966, 1.000000, 1.000000 
8.877440, 0.000000, 0.000000, 0.999970, 1.000000, 1.000000 
8.897280, 0.000000, 0.000000, 0.997332, 1.000000, 1.000000 
8.917760, 0.000000, 0.000000, 1.002563, 1.000000, 1.000000 
8.937600, 0.000000, 0.000000, 1.001618, 1.000000, 1.000000 
8.957440, 0.000000, 0.000000, 0.999601, 1.000000, 1.000000 
8.977920, 0.000000, 0.000000, 1.000034, 1.000000, 1.000000 
8.997760, 0.000000, 0.000000, 1.000373, 1.000000, 1.000000 
9.017600, 0.000000, 0.000000, 1.000729, 1.000000, 1.000000 
9.037440, 0.000000, 0.000000, 1.000765, 1.000000, 1.000000 
9.057280, 0.000000, 0.000000, 1.000625, 1.000000, 1.000000 
9.077760, 0.000000, 0.000000, 0.998681, 1.000000, 1.000000 
9.097600, 0.000000, 0.000000, 1.000477, 1.000000, 1.000000 
9.117440, 0.000000, 0.000000, 1.002933, 1.000000, 1.000000 
9.137920, 0.000000, 0.000000, 0.998499, 1.000000, 1.000000 
9.157760, 0.000000, 0.000000, 1.002373, 1.000000, 1.000000 
9.177600, 0.000000, 0.000000, 0.998727, 1.000000, 1.000000 
9.198080, 0.000000, 0.000000, 1.000332, 1.000000, 1.000000 
9.217280, 0.000000, 0.000000, 0.999208, 1.000000, 1.000000 
9.237760, 0.000000, 0.000000, 0.999220, 1.000000, 1.000000 
9.257600, 0.000000, 0.000000, 1.001546, 1.000000, 1.000000 
9.277440, 0.000000, 0.000000, 0.999425, 1.000000, 1.000000 
9.297920, 0.000000, 0.000000, 1.001005, 1.000000, 1.000000 
9.317760, 0.000000, 0.000000, 0.999185, 1.000000, 1.000000 
9.337600, 0.000000, 0.000000, 1.000471, 1.000000, 1.000000 
9.357440, 0.000000, 0.000000, 0.999070, 1.000000, 1.000000 
9.377280, 0.000000, 0.000000, 0.999879, 1.000000, 1.000000 
9.397760, 0.000000, 0.000000, 0.999056, 1.000000, 1.000000 
9.417600, 0.000000, 0.000000, 1.001272, 1.000000, 1.000000 
9.437440, 0.000000, 0.000000, 1.002592, 1.000000, 1.000000 
9.457920, 0.000000, 0.000000, 0.997484, 1.000000, 1.000000 
9.477760, 0.000000, 0.000000, 1.001717, 1.000000, 1.000000 
9.497600, 0.000000, 0.000000, 0.999682, 1.000000, 1.000000 
9.518080, 0.000000, 0.000000, 0.999403, 1.000000, 1.000000 
9.537280, 0.000000, 0.000000, 1.000990, 1.000000, 1.000000 
9.557760, 0.000000, 0.000000, 0.998671, 1.000000, 1.000000 
9.577600, 0.000000, 0.000000, 1.000953, 1.000000, 1.000000 
9.597440, 0.000000, 0.000000, 1.000733, 1.000000, 1.000000 
9.617920, 0.000000, 0.000000, 1.000439, 1.000000, 1.000000 
9.637760, 0.000000, 0.000000, 1.001087, 1.000000, 1.000000 
9.657600, 0.000000, 0.000000, 0.999926, 1.000000, 1.000000 
9.677440, 0.000000, 0.000000, 0.998863, 1.000000, 1.000000 
9.697280, 0.000000, 0.000000, 0.999830, 1.000000, 1.000000 
9.717760, 0.000000, 0.000000, 0.999045, 1.000000, 1.000000 
9.737600, 0.000000, 0.000000, 1.001274, 1.000000, 1.000000 
9.757440, 0.000000, 0.000000, 1.002592, 1.000000, 1.000000 
9.777920, 0.000000, 0.000000, 0.997484, 1.000000, 1.000000 
9.797760, 0.000000, 0.000000, 1.001497, 1.000000, 1.000000 
9.817600, 0.000000, 0.000000, 1.000004, 1.000000, 1.000000 
9.838080, 0.000000, 0.000000, 0.999284, 1.000000, 1.000000 
9.857280, 0.000000, 0.000000, 0.998744, 1.000000, 1.000000 
9.877760, 0.000000, 0.000000, 0.999992, 1.000000, 1.000000 
9.897600, 0.000000, 0.000000, 1.001611, 1.000000, 1.000000 
9.917440, 0.000000, 0.000000, 1.000903, 1.000000, 1.000000 
9.937920, 0.000000, 0.000000, 1.000474, 1.000000, 1.000000 
9.957760, 0.000000, 0.000000, 1.001096, 1.000000, 1.000000 
9.977600, 0.000000, 0.000000, 0.999934, 1.000000, 1.000000 
9.997440, 0.000000, 0.000000, 0.998863, 1.000000, 1.000000 
10.017280, 0.000000, 0.000000, 0.999829, 1.000000, 1.000000 
10.037760, 0.000000, 0.000000, 0.999041, 1.000000, 1.000000 
10.057600, 0.000000, 0.000000, 1.001269, 1.000000, 1.000000 
10.077440, 0.000000, 0.000000, 1.002591, 1.000000, 1.000000 
10.097920, 0.000000, 0.000000, 0.997485, 1.000000, 1.000000 
10.117760, 0.000000, 0.000000, 1.001715, 1.000000, 1.000000 
10.137600, 0.000000, 0.000000, 0.999685, 1.000000, 1.000000 
10.158080, 0.000000, 0.000000, 0.999402, 1.000000, 1.000000 
10.177280, 0.000000, 0.000000, 1.000996, 1.000000, 1.000000 
10.197760, 0.000000, 0.000000, 1.000689, 1.000000, 1.000000 
10.217600, 0.000000, 0.000000, 1.000572, 1.000000, 1.000000 
10.237440, 0.000000, 0.000000, 1.000578, 1.000000, 1.000000 
10.257920, 0.000000, 0.000000, 1.000402, 1.000000, 1.000000 
10.277760, 0.000000, 0.000000, 1.000722, 1.000000, 1.000000 
10.297600, 0.000000, 0.000000, 0.999874, 1.000000, 1.000000 
10.317440, 0.000000, 0.000000, 0.998488, 1.000000, 1.000000 
10.337280, 0.000000, 0.000000, 0.999489, 1.000000, 1.000000 
10.357760, 0.000000, 0.000000, 0.998764, 1.000000, 1.000000 
10.377600, 0.000000, 0.000000, 1.001190, 1.000000, 1.000000 
10.397440, 0.000000, 0.000000, 1.002573, 1.000000, 1.000000 
10.417920, 0.000000, 0.000000, 0.997484, 1.000000, 1.000000 
10.437760, 0.000000, 0.000000, 1.001717, 1.000000, 1.000000 
10.457600, 0.000000, 0.000000, 1.000443, 1.000000, 1.000000 
10.478080, 0.000000, 0.000000, 1.000672, 1.000000, 1.000000 
10.497920, 0.000000, 0.000000, 1.001243, 1.000000, 1.000000 
10.517760, 0.000000, 0.000000, 0.999442, 1.000000, 1.000000 
10.537600, 0.000000, 0.000000, 0.999515, 1.000000, 1.000000 
10.557440, 0.000000, 0.000000, 1.001727, 1.000000, 1.000000 
10.577920, 0.000000, 0.000000, 1.000513, 1.000000, 1.000000 
10.597760, 0.000000, 0.000000, 0.999514, 1.000000, 1.000000 
10.617600, 0.000000, 0.000000, 0.999524, 1.000000, 1.000000 
10.638080, 0.000000, 0.000000, 0.998700, 1.000000, 1.000000 
10.657280, 0.000000, 0.000000, 0.998071, 1.000000, 1.000000 
10.677760, 0.000000, 0.000000, 1.000299, 1.000000, 1.000000 
10.697600, 0.000000, 0.000000, 1.002300, 1.000000, 1.000000 
10.717440, 0.000000, 0.000000, 1.001088, 1.000000, 1.000000 
10.737920, 0.000000, 0.000000, 1.001290, 1.000000, 1.000000 
10.757760, 0.000000, 0.000000, 1.001732, 1.000000, 1.000000 
10.777600, 0.000000, 0.000000, 0.998767, 1.000000, 1.000000 
10.798080, 0.000000, 0.000000, 0.999572, 1.000000, 1.000000 
10.817280, 0.000000, 0.000000, 0.999667, 1.000000, 1.000000 
10.837760, 0.000000, 0.000000, 0.998153, 1.000000, 1.000000 
10.857600, 0.000000, 0.000000, 0.997862, 1.000000, 1.000000 
10.877440, 0.000000, 0.000000, 0.999164, 1.000000, 1.000000 
10.897920, 0.000000, 0.000000, 1.000510, 1.000000, 1.000000 
10.917760, 0.000000, 0.000000, 1.000474, 1.000000, 1.000000 
10.937600, 0.000000, 0.000000, 0.999298, 1.000000, 1.000000 
10.957440, 0.000000, 0.000000, 0.999752, 1.000000, 1.000000 
10.977280, 0.000000, 0.000000, 0.999734, 1.000000, 1.000000 
10.997760, 0.000000, 0.000000, 0.999108, 1.000000, 1.000000 
11.017600, 0.000000, 0.000000, 1.000298, 1.000000, 1.000000 
11.037440, 0.000000, 0.000000, 1.000933, 1.000000, 1.000000 
11.057920, 0.000000, 0.000000, 0.998924, 1.000000, 1.000000 
11.077760, 0.000000, 0.000000, 1.002191, 1.000000, 1.000000 
11.097600, 0.000000, 0.000000, 0.999791, 1.000000, 1.000000 
11.118080, 0.000000, 0.000000, 0.999422, 1.000000, 1.000000 
11.137280, 0.000000, 0.000000, 1.000998, 1.000000, 1.000000 
11.157760, 0.000000, 0.000000, 1.001057, 1.000000, 1.000000 
11.177600, 0.000000, 0.000000, 1.000273, 1.000000, 1.000000 
11.197440, 0.000000, 0.000000, 1.001602, 1.000000, 1.000000 
11.217920, 0.000000, 0.000000, 1.000457, 1.000000, 1.000000 
11.237760, 0.000000, 0.000000, 1.000146, 1.000000, 1.000000 
11.257600, 0.000000, 0.000000, 1.000621, 1.000000, 1.000000 
11.278080, 0.000000, 0.000000, 0.998199, 1.000000, 1.000000 
11.297280, 0.000000, 0.000000, 0.999709, 1.000000, 1.000000 
11.317760, 0.000000, 0.000000, 0.999863, 1.000000, 1.000000 
11.337600, 0.000000, 0.000000, 1.001457, 1.000000, 1.000000 
11.357440, 0.000000, 0.000000, 1.000763, 1.000000, 1.000000 
11.377920, 0.000000, 0.000000, 1.000468, 1.000000, 1.000000 
11.397760, 0.000000, 0.000000, 1.001329, 1.000000, 1.000000 
11.417600, 0.000000, 0.000000, 0.999215, 1.000000, 1.000000 
11.438080, 0.000000, 0.000000, 0.998904, 1.000000, 1.000000 
11.457920, 0.000000, 0.000000, 1.000414, 1.000000, 1.000000 
11.477760, 0.000000, 0.000000, 1.001150, 1.000000, 1.000000 
11.497600, 0.000000, 0.000000, 0.998395, 1.000000, 1.000000 
11.517440, 0.000000, 0.000000, 1.001254, 1.000000, 1.000000 
11.537920, 0.000000, 0.000000, 0.999258, 1.000000, 1.000000 
11.557760, 0.000000, 0.000000, 0.999704, 1.000000, 1.000000 
11.577600, 0.000000, 0.000000, 1.000564, 1.000000, 1.000000 
11.598080, 0.000000, 0.000000, 0.999304, 1.000000, 1.000000 
11.617280, 0.000000, 0.000000, 1.000466, 1.000000, 1.000000 
11.637760, 0.000000, 0.000000, 1.002183, 1.000000, 1.000000 
11.657600, 0.000000, 0.000000, 0.999975, 1.000000, 1.000000 
11.677440, 0.000000, 0.000000, 1.000639, 1.000000, 1.000000 
11.697920, 0.000000, 0.000000, 0.999739, 1.000000, 1.000000 
11.717760, 0.000000, 0.000000, 1.000120, 1.000000, 1.000000 
11.737600, 0.000000, 0.000000, 1.000356, 1.000000, 1.000000 
11.758080, 0.000000, 0.000000, 0.999202, 1.000000, 1.000000 
11.777920, 0.000000, 0.000000, 0.999239, 1.000000, 1.000000 
11.797760, 0.000000, 0.000000, 0.999826, 1.000000, 1.000000 
11.817600, 0.000000, 0.000000, 0.998778, 1.000000, 1.000000 
11.837440, 0.000000, 0.000000, 1.000903, 1.000000, 1.000000 
11.857920, 0.000000, 0.000000, 1.000282, 1.000000, 1.000000 
11.877760, 0.000000, 0.000000, 1.000106, 1.000000, 1.000000 
11.897600, 0.000000, 0.000000, 1.000613, 1.000000, 1.000000 
11.918080, 0.000000, 0.000000, 0.998298, 1.000000, 1.000000 
11.937280, 0.000000, 0.000000, 0.998406, 1.000000, 1.000000 
11.957760, 0.000000, 0.000000, 0.996896, 1.000000, 1.000000 
11.977600, 0.000000, 0.000000, 0.998984, 1.000000, 1.000000 
11.997440, 0.000000, 0.000000, 1.001386, 1.000000, 1.000000 
12.017920, 0.000000, 0.000000, 0.999269, 1.000000, 1.000000 
12.037760, 0.000000, 0.000000, 1.001990, 1.000000, 1.000000 
12.057600, 0.000000, 0.000000, 1.001110, 1.000000, 1.000000 
12.078080, 0.000000, 0.000000, 0.999932, 1.000000, 1.000000 
12.097280, 0.000000, 0.000000, 1.001120, 1.000000, 1.000000 
12.117760, 0.000000, 0.000000, 1.000713, 1.000000, 1.000000 
12.137600, 0.000000, 0.000000, 1.000579, 1.000000, 1.000000 
12.157440, 0.000000, 0.000000, 1.002336, 1.000000, 1.000000 
12.177920, 0.000000, 0.000000, 0.999957, 1.000000, 1.000000 
12.197760, 0.000000, 0.000000, 0.999326, 1.000000, 1.000000 
12.217600, 0.000000, 0.000000, 1.000936, 1.000000, 1.000000 
12.238080, 0.000000, 0.000000, 0.998313, 1.000000, 1.000000 
12.257280, 0.000000, 0.000000, 1.001139, 1.000000, 1.000000 
12.277760, 0.000000, 0.000000, 1.000891, 1.000000, 1.000000 
12.297600, 0.000000, 0.000000, 1.000757, 1.000000, 1.000000 
12.317440, 0.000000, 0.000000, 1.000513, 1.000000, 1.000000 
12.337920, 0.000000, 0.000000, 1.000782, 1.000000, 1.000000 
12.357760, 0.000000, 0.000000, 1.000689, 1.000000, 1.000000 
12.377600, 0.000000, 0.000000, 0.998866, 1.000000, 1.000000 
12.398080, 0.000000, 0.000000, 0.998811, 1.000000, 1.000000 
12.417920, 0.000000, 0.000000, 1.000197, 1.000000, 1.000000 
12.437760, 0.000000, 0.000000, 1.000287, 1.000000, 1.000000 
12.458240, 0.000000, 0.000000, 0.999573, 1.000000, 1.000000 
12.477440, 0.000000, 0.000000, 1.000868, 1.000000, 1.000000 
12.497920, 0.000000, 0.000000, 0.999477, 1.000000, 1.000000 
12.517760, 0.000000, 0.000000, 0.999950, 1.000000, 1.000000 
12.537600, 0.000000, 0.000000, 1.000856, 1.000000, 1.000000 
12.558080, 0.000000, 0.000000, 0.999397, 1.000000, 1.000000 
12.577280, 0.000000, 0.000000, 1.000488, 1.000000, 1.000000 
12.597760, 0.000000, 0.000000, 1.000553, 1.000000, 1.000000 
12.617600, 0.000000, 0.000000, 1.000417, 1.000000, 1.000000 
12.637440, 0.000000, 0.000000, 1.001086, 1.000000, 1.000000 
12.657920, 0.000000, 0.000000, 0.999555, 1.000000, 1.000000 
12.677760, 0.000000, 0.000000, 0.999922, 1.000000, 1.000000 
12.697600, 0.000000, 0.000000, 1.000298, 1.000000, 1.000000 
12.718080, 0.000000, 0.000000, 0.999187, 1.000000, 1.000000 
12.737920, 0.000000, 0.000000, 1.000688, 1.000000, 1.000000 
12.757760, 0.000000, 0.000000, 0.999447, 1.000000, 1.000000 
12.778240, 0.000000, 0.000000, 0.999344, 1.000000, 1.000000 
12.797440, 0.000000, 0.000000, 1.000533, 1.000000, 1.000000 
12.817920, 0.000000, 0.000000, 0.999438, 1.000000, 1.000000 
12.837760, 0.000000, 0.000000, 0.999982, 1.000000, 1.000000 
12.857600, 0.000000, 0.000000, 1.000281, 1.000000, 1.000000 
12.878080, 0.000000, 0.000000, 0.998402, 1.000000, 1.000000 
12.897920, 0.000000, 0.000000, 1.000675, 1.000000, 1.000000 
12.917760, 0.000000, 0.000000, 1.001405, 1.000000, 1.000000 
12.937600, 0.000000, 0.000000, 0.999677, 1.000000, 1.000000 
12.957440, 0.000000, 0.000000, 1.000563, 1.000000, 1.000000 
12.977920, 0.000000, 0.000000, 0.999721, 1.000000, 1.000000 
12.997760, 0.000000, 0.000000, 0.999660, 1.000000, 1.000000 
13.017600, 0.000000, 0.000000, 1.000832, 1.000000, 1.000000 
13.038080, 0.000000, 0.000000, 0.999495, 1.000000, 1.000000 
13.057920, 0.000000, 0.000000, 1.000514, 1.000000, 1.000000 
13.077760, 0.000000, 0.000000, 0.999675, 1.000000, 1.000000 
13.098240, 0.000000, 0.000000, 0.998618, 1.000000, 1.000000 
13.117440, 0.000000, 0.000000, 1.000224, 1.000000, 1.000000 
13.137920, 0.000000, 0.000000, 0.999733, 1.000000, 1.000000 
13.157760, 0.000000, 0.000000, 1.000633, 1.000000, 1.000000 
13.177600, 0.000000, 0.000000, 0.999292, 1.000000, 1.000000 
13.198080, 0.000000, 0.000000, 0.999213, 1.000000, 1.000000 
13.217920, 0.000000, 0.000000, 1.002137, 1.000000, 1.000000 
13.237760, 0.000000, 0.000000, 1.000499, 1.000000, 1.000000 
13.258240, 0.000000, 0.000000, 1.000335, 1.000000, 1.000000 
13.277440, 0.000000, 0.000000, 0.999947, 1.000000, 1.000000 
13.297920, 0.000000, 0.000000, 0.999017, 1.000000, 1.000000 
13.317760, 0.000000, 0.000000, 0.998631, 1.000000, 1.000000 
13.337600, 0.000000, 0.000000, 1.001933, 1.000000, 1.000000 
13.358080, 0.000000, 0.000000, 0.999860, 1.000000, 1.000000 
13.377920, 0.000000, 0.000000, 0.998764, 1.000000, 1.000000 
13.397760, 0.000000, 0.000000, 0.999026, 1.000000, 1.000000 
13.418240, 0.000000, 0.000000, 0.998206, 1.000000, 1.000000 
13.437440, 0.000000, 0.000000, 0.999790, 1.000000, 1.000000 
13.457920, 0.000000, 0.000000, 0.999113, 1.000000, 1.000000 
13.477760, 0.000000, 0.000000, 0.999896, 1.000000, 1.000000 
13.497600, 0.000000, 0.000000, 0.999753, 1.000000, 1.000000 
13.518080, 0.000000, 0.000000, 1.000998, 1.000000, 1.000000 
13.537920, 0.000000, 0.000000, 0.999322, 1.000000, 1.000000 
13.557760, 0.000000, 0.000000, 1.000990, 1.000000, 1.000000 
13.578240, 0.000000, 0.000000, 0.999844, 1.000000, 1.000000 
13.597440, 0.000000, 0.000000, 1.000500, 1.000000, 1.000000 
13.617920, 0.000000, 0.000000, 0.994040, 1.000000, 1.000000 
13.637760, 0.000000, 0.000000, 1.000552, 1.000000, 1.000000 
13.657600, 0.000000, 0.000000, 1.000067, 1.000000, 1.000000 
13.678080, 0.000000, 0.000000, 0.998704, 1.000000, 1.000000 
13.697280, 0.000000, 0.000000, 1.000859, 1.000000, 1.000000 
13.717760, 0.000000, 0.000000, 1.000206, 1.000000, 1.000000 
13.737600, 0.000000, 0.000000, 0.999979, 1.000000, 1.000000 
13.757440, 0.000000, 0.000000, 1.001710, 1.000000, 1.000000 
13.777920, 0.000000, 0.000000, 1.000258, 1.000000, 1.000000 
13.797760, 0.000000, 0.000000, 1.000540, 1.000000, 1.000000 
13.817600, 0.000000, 0.000000, 1.000271, 1.000000, 1.000000 
13.838080, 0.000000, 0.000000, 1.000051, 1.000000, 1.000000 
13.857920, 0.000000, 0.000000, 1.001323, 1.000000, 1.000000 
13.877760, 0.000000, 0.000000, 1.001559, 1.000000, 1.000000 
13.897600, 0.000000, 0.000000, 0.999707, 1.000000, 1.000000 
13.917440, 0.000000, 0.000000, 1.000575, 1.000000, 1.000000 
13.937920, 0.000000, 0.000000, 0.999419, 1.000000, 1.000000 
13.957760, 0.000000, 0.000000, 0.999889, 1.000000, 1.000000 
13.977600, 0.000000, 0.000000, 1.001750, 1.000000, 1.000000 
13.998080, 0.000000, 0.000000, 0.998813, 1.000000, 1.000000 
14.017280, 0.000000, 0.000000, 0.998884, 1.000000, 1.000000 
14.037760, 0.000000, 0.000000, 0.999610, 1.000000, 1.000000 
14.057600, 0.000000, 0.000000, 0.999845, 1.000000, 1.000000 
14.077440, 0.000000, 0.000000, 1.000177, 1.000000, 1.000000 
14.097920, 0.000000, 0.000000, 0.997704, 1.000000, 1.000000 
14.117120, 0.000000, 0.000000, 0.995612, 1.000000, 1.000000 
14.137600, 0.000000, 0.000000, 0.995262, 1.000000, 1.000000 
14.157440, 0.000000, 0.000000, 0.998141, 1.000000, 1.000000 
14.177280, 0.000000, 0.000000, 0.999999, 1.000000, 1.000000 
14.197760, 0.000000, 0.000000, 1.001573, 1.000000, 1.000000 
14.217600, 0.000000, 0.000000, 1.000972, 1.000000, 1.000000 
14.237440, 0.000000, 0.000000, 0.999755, 1.000000, 1.000000 
14.257920, 0.000000, 0.000000, 1.000245, 1.000000, 1.000000 
14.277120, 0.000000, 0.000000, 0.999724, 1.000000, 1.000000 
14.297600, 0.000000, 0.000000, 1.000103, 1.000000, 1.000000 
14.317440, 0.000000, 0.000000, 1.002489, 1.000000, 1.000000 
14.337280, 0.000000, 0.000000, 1.000097, 1.000000, 1.000000 
14.357760, 0.000000, 0.000000, 1.001815, 1.000000, 1.000000 
14.377600, 0.000000, 0.000000, 1.001890, 1.000000, 1.000000 
14.397440, 0.000000, 0.000000, 0.998874, 1.000000, 1.000000 
14.417920, 0.000000, 0.000000, 1.001614, 1.000000, 1.000000 
14.437760, 0.000000, 0.000000, 1.001054, 1.000000, 1.000000 
14.457600, 0.000000, 0.000000, 0.999210, 1.000000, 1.000000 
14.477440, 0.000000, 0.000000, 1.000034, 1.000000, 1.000000 
14.497280, 0.000000, 0.000000, 1.000852, 1.000000, 1.000000 
14.517760, 0.000000, 0.000000, 0.998067, 1.000000, 1.000000 
14.537600, 0.000000, 0.000000, 0.999995, 1.000000, 1.000000 
14.557440, 0.000000, 0.000000, 1.003507, 1.000000, 1.000000 
14.577920, 0.000000, 0.000000, 0.997798, 1.000000, 1.000000 
14.597760, 0.000000, 0.000000, 1.001794, 1.000000, 1.000000 
14.617600, 0.000000, 0.000000, 0.997729, 1.000000, 1.000000 
14.638080, 0.000000, 0.000000, 0.999933, 1.000000, 1.000000 
14.657280, 0.000000, 0.000000, 0.998820, 1.000000, 1.000000 
14.677760, 0.000000, 0.000000, 1.000417, 1.000000, 1.000000 
14.697600, 0.000000, 0.000000, 1.001061, 1.000000, 1.000000 
14.717440, 0.000000, 0.000000, 0.998967, 1.000000, 1.000000 
14.737920, 0.000000, 0.000000, 1.001579, 1.000000, 1.000000 
14.757760, 0.000000, 0.000000, 0.999464, 1.000000, 1.000000 
14.777600, 0.000000, 0.000000, 1.000545, 1.000000, 1.000000 
14.797440, 0.000000, 0.000000, 0.999088, 1.000000, 1.000000 
14.817280, 0.000000, 0.000000, 0.999882, 1.000000, 1.000000 
14.837760, 0.000000, 0.000000, 1.001081, 1.000000, 1.000000 
14.857600, 0.000000, 0.000000, 1.002497, 1.000000, 1.000000 
14.877440, 0.000000, 0.000000, 1.001124, 1.000000, 1.000000 
14.897920, 0.000000, 0.000000, 1.001294, 1.000000, 1.000000 
14.917760, 12.917760, 0.000000, 1.001442, 1.000000, 1.000000 
14.938240, 12.917760, 14.941320, 1.008266, 1.000000, 0.946885 
14.956800, 12.917760, 14.958248, 0.983204, 1.000000, 0.818361 
14.972160, 12.917760, 14.973128, 0.854438, 1.000000, 0.708285 
14.984960, 12.917760, 14.985960, 0.715016, 1.000000, 0.606403 
14.996480, 12.917760, 14.996744, 0.605730, 1.000000, 0.492223 
15.005440, 12.917760, 15.005480, 0.507185, 1.000000, 0.386238 
15.011840, 12.917760, 15.012168, 0.402059, 1.000000, 0.288446 
15.016960, 12.917760, 15.016809, 0.304547, 1.000000, 0.178371 
15.018880, 12.917760, 15.019400, 0.178581, 1.000000, 0.086713 
15.019520, 12.917760, 15.019944, 0.077783, 1.000000, -0.017213 
15.019520, 12.917760, 15.018440, 0.019569, 1.000000, -0.143676 
15.018240, 12.917760, 15.014888, -0.031978, 1.000000, -0.282438 
15.013760, 12.917760, 15.009288, -0.139318, 1.000000, -0.402751 
15.005440, 12.917760, 15.001639, -0.318700, 1.000000, -0.494409 
14.995200, 12.917760, 14.991943, -0.447644, 1.000000, -0.588111 
14.983680, 12.917760, 14.980200, -0.542125, 1.000000, -0.694082 
14.968960, 12.917760, 14.966408, -0.646182, 1.000000, -0.781636 
14.952960, 12.917760, 14.950567, -0.753274, 1.000000, -0.881489 
14.935040, 12.917760, 14.932679, -0.850688, 1.000000, -0.983386 
14.914560, 12.917760, 14.912744, -0.950497, 1.000000, -1.077074 
14.892160, 12.917760, 14.890759, -1.052970, 1.000000, -1.172822 
14.868480, 12.917760, 14.866727, -1.151527, 1.000000, -1.280854 
14.841600, 12.917760, 14.840647, -1.248810, 1.000000, -1.370467 
14.813440, 12.917760, 14.812519, -1.353784, 1.000000, -1.472349 
14.783360, 12.917760, 14.782343, -1.456676, 1.000000, -1.576276 
14.751360, 12.917760, 14.750118, -1.555795, 1.000000, -1.682278 
14.717440, 12.917760, 14.715846, -1.652270, 1.000000, -1.790309 
14.680960, 12.917760, 14.679525, -1.752226, 1.000000, -1.890162 
14.642560, 12.917760, 14.641157, -1.858154, 1.000000, -1.992059 
14.602240, 12.917760, 14.600741, -1.960485, 1.000000, -2.095982 
14.560000, 12.917760, 14.558277, -2.064560, 1.000000, -2.201979 
14.515200, 12.917760, 14.513765, -2.162054, 1.000000, -2.299752 
14.469120, 12.917760, 14.467205, -2.270359, 1.000000, -2.409838 
14.420480, 12.917760, 14.418597, -2.365791, 1.000000, -2.511716 
14.370560, 12.917760, 14.367941, -2.440897, 1.000000, -2.625891 
14.320000, 12.917760, 14.315237, -2.498270, 1.000000, -2.762589 
14.269440, 12.917760, 14.260486, -2.517524, 1.000000, -2.932048 
14.218240, 12.917760, 14.203686, -2.547174, 1.000000, -3.000000 
14.166400, 12.917760, 14.144838, -2.565209, 1.000000, -3.000000 
14.114560, 12.917760, 14.084843, -2.578849, 1.000000, -3.000000 
14.063360, 12.917760, 14.024842, -2.581172, 1.000000, -3.000000 
14.010880, 12.917760, 13.964843, -2.593243, 1.000000, -3.000000 
13.959680, 12.917760, 13.904842, -2.586899, 1.000000, -3.000000 
13.907200, 12.917760, 13.844843, -2.596752, 1.000000, -3.000000 
13.856000, 12.917760, 13.784883, -2.586535, 1.000000, -3.000000 
13.803520, 12.917760, 13.726310, -2.603502, 1.000000, -3.000000 
13.752320, 12.917760, 13.669785, -2.582517, 1.000000, -3.000000 
13.699840, 12.917760, 13.615309, -2.603191, 1.000000, -3.000000 
13.648640, 12.917760, 13.562880, -2.581830, 1.000000, -3.000000 
13.596160, 12.917760, 13.512499, -2.605762, 1.000000, -3.000000 
13.544320, 12.917760, 13.464167, -2.598234, 1.000000, -3.000000 
13.492480, 12.917760, 13.417881, -2.592757, 1.000000, -3.000000 
13.440000, 12.917760, 13.373644, -2.609721, 1.000000, -3.000000 
13.388160, 12.917760, 13.331455, -2.584649, 1.000000, -2.965530 
13.336320, 12.917760, 13.291314, -2.604675, 1.000000, -2.675953 
13.284480, 12.917760, 13.253221, -2.595847, 1.000000, -2.353612 
13.233920, 12.917760, 13.217175, -2.563325, 1.000000, -2.018972 
13.189760, 12.917760, 13.183178, -2.358734, 1.000000, -1.753974 
13.153280, 12.917760, 13.151229, -2.020291, 1.000000, -1.579078 
13.122560, 12.917760, 13.121328, -1.718736, 1.000000, -1.463555 
13.093760, 12.917760, 13.093475, -1.519765, 1.000000, -1.346002 
13.067520, 12.917760, 13.067670, -1.381451, 1.000000, -1.236659 
13.043840, 12.917760, 13.043913, -1.259399, 1.000000, -1.135494 
13.021440, 12.917760, 13.022203, -1.155681, 1.000000, -1.022031 
13.002240, 12.917760, 13.002542, -1.051798, 1.000000, -0.927015 
12.984320, 12.917760, 12.984930, -0.936403, 1.000000, -0.819686 
12.968960, 12.917760, 12.969365, -0.830268, 1.000000, -0.720566 
12.955520, 12.917760, 12.955848, -0.733188, 1.000000, -0.619401 
12.944640, 12.917760, 12.944379, -0.629525, 1.000000, -0.526430 
12.934400, 12.917760, 12.934958, -0.525748, 1.000000, -0.410923 
12.927360, 12.917760, 12.927585, -0.425833, 1.000000, -0.313848 
12.922240, 12.917760, 12.922259, -0.322474, 1.000000, -0.214745 
12.919040, 12.917760, 12.918983, -0.228144, 1.000000, -0.113565 
12.917760, 12.917760, 12.917754, -0.117013, 1.000000, -0.010341 
12.917760, 12.917760, 12.917760, -0.033444, 1.000000, 0.000000 
12.917760, 12.917760, 12.917760, -0.007457, 1.000000, 0.000000 
12.917760, 12.917760, 12.917760, -0.001493, 1.000000, 0.000000 
12.917760, 12.917760, 12.917760, -0.000282, 1.000000, 0.000000 
12.917760, 12.917760, 12.917760, -0.000051, 1.000000, 0.000000 
12.917760, 12.917760, 12.917760, -0.000009, 1.000000, 0.000000 
12.917760, 12.917760, 12.917760, -0.000002, 1.000000, 0.000000 
12.917760, 12.917760, 12.917760, -0.000000, 1.000000, 0.000000 